#
# There is insufficient memory for the Java Runtime Environment to continue.
# Native memory allocation (mmap) failed to map 132120576 bytes. Error detail: G1 virtual space
# Possible reasons:
#   The system is out of physical RAM or swap space
#   This process is running with CompressedOops enabled, and the Java Heap may be blocking the growth of the native heap
# Possible solutions:
#   Reduce memory load on the system
#   Increase physical memory or swap space
#   Check if swap backing store is full
#   Decrease Java heap size (-Xmx/-Xms)
#   Decrease number of Java threads
#   Decrease Java thread stack sizes (-Xss)
#   Set larger code cache with -XX:ReservedCodeCacheSize=
#   JVM is running with Unscaled Compressed Oops mode in which the Java heap is
#     placed in the first 4GB address space. The Java Heap base address is the
#     maximum limit for the native heap growth. Please use -XX:HeapBaseMinAddress
#     to set the Java Heap base and to place the Java Heap above 4GB virtual address.
# This output file may be truncated or incomplete.
#
#  Out of Memory Error (os_windows.cpp:3925), pid=11968, tid=12116
#
# JRE version:  (21.0.8) (build )
# Java VM: OpenJDK 64-Bit Server VM (21.0.8+-14196175-b1038.72, mixed mode, sharing, tiered, compressed oops, compressed class ptrs, g1 gc, windows-amd64)
# No core dump will be written. Minidumps are not enabled by default on client versions of Windows
#

---------------  S U M M A R Y ------------

Command Line: org.jetbrains.kotlin.cli.jvm.K2JVMCompiler @C:\Users\User\Desktop\secure_file_storage_Ap-main\secure_file_storage_Ap-main\build\pdfx\20260302_6704524991847959765.compiler.options

Host: Intel(R) Core(TM) i5-7200U CPU @ 2.50GHz, 4 cores, 7G,  Windows 11 , 64 bit Build 22621 (10.0.22621.3958)
Time: Mon Mar  2 12:32:14 2026 UTC-11 elapsed time: 0.021153 seconds (0d 0h 0m 0s)

---------------  T H R E A D  ---------------

Current thread (0x000001ce42dc12e0):  JavaThread "Unknown thread" [_thread_in_vm, id=12116, stack(0x000000bcf5d00000,0x000000bcf5e00000) (1024K)]

Stack: [0x000000bcf5d00000,0x000000bcf5e00000]
Native frames: (J=compiled Java code, j=interpreted, Vv=VM code, C=native code)
V  [jvm.dll+0x6d68d9]
V  [jvm.dll+0x866693]
V  [jvm.dll+0x868c4e]
V  [jvm.dll+0x869333]
V  [jvm.dll+0x280566]
V  [jvm.dll+0x6d3195]
V  [jvm.dll+0x6c69ea]
V  [jvm.dll+0x3586db]
V  [jvm.dll+0x360336]
V  [jvm.dll+0x3b23f6]
V  [jvm.dll+0x3b26c8]
V  [jvm.dll+0x32ae6c]
V  [jvm.dll+0x32bb5b]
V  [jvm.dll+0x82e109]
V  [jvm.dll+0x3bf5c8]
V  [jvm.dll+0x817388]
V  [jvm.dll+0x453b6e]
V  [jvm.dll+0x4552d1]
C  [jli.dll+0x52ab]
C  [ucrtbase.dll+0x29333]
C  [KERNEL32.DLL+0x1257d]
C  [ntdll.dll+0x5af08]


---------------  P R O C E S S  ---------------

Threads class SMR info:
_java_thread_list=0x00007fff312bb988, length=0, elements={
}

Java Threads: ( => current thread )
Total: 0

Other Threads:
  0x000001ce4516f9b0 WorkerThread "GC Thread#0"                     [id=9228, stack(0x000000bcf5f00000,0x000000bcf6000000) (1024K)]
  0x000001ce45180590 ConcurrentGCThread "G1 Main Marker"            [id=5792, stack(0x000000bcf6000000,0x000000bcf6100000) (1024K)]
  0x000001ce451820a0 WorkerThread "G1 Conc#0"                       [id=8684, stack(0x0000000000000000,0x0000000000000000) (0B)]

[error occurred during error reporting (printing all threads), id 0xc0000005, EXCEPTION_ACCESS_VIOLATION (0xc0000005) at pc=0x00007fff30aaddd7]
VM state: not at safepoint (not fully initialized)

VM Mutex/Monitor currently owned by a thread:  ([mutex/lock_event])
[0x00007fff313286b8] Heap_lock - owner thread: 0x000001ce42dc12e0

Heap address: 0x0000000082000000, size: 2016 MB, Compressed Oops mode: 32-bit

CDS archive(s) mapped at: [0x0000000000000000-0x0000000000000000-0x0000000000000000), size 0, SharedBaseAddress: 0x0000000800000000, ArchiveRelocationMode: 1.
Narrow klass base: 0x0000000000000000, Narrow klass shift: 0, Narrow klass range: 0x0

GC Precious Log:
 CardTable entry size: 512
 Card Set container configuration: InlinePtr #cards 5 size 8 Array Of Cards #cards 12 size 40 Howl #buckets 4 coarsen threshold 1843 Howl Bitmap #cards 512 size 80 coarsen threshold 460 Card regions per heap region 1 cards per card region 2048

Heap:
 garbage-first heap   total 0K, used 0K [0x0000000082000000, 0x0000000100000000)
  region size 1024K, 0 young (0K), 0 survivors (0K)
 Metaspace       used 0K, committed 0K, reserved 0K
  class space    used 0K, committed 0K, reserved 0K

Heap Regions: E=young(eden), S=young(survivor), O=old, HS=humongous(starts), HC=humongous(continues), CS=collection set, F=free, TAMS=top-at-mark-start, PB=parsable bottom

Card table byte_map: [0x000001ce57660000,0x000001ce57a50000] _byte_map_base: 0x000001ce57250000

Marking Bits: (CMBitMap*) 0x000001ce451700b0
 Bits: [0x000001ce57a50000, 0x000001ce599d0000)

GC Heap History (0 events):
No events

Dll operation events (1 events):
Event: 0.016 Loaded shared library C:\Program Files\Android\Android Studio\jbr\bin\java.dll

Deoptimization events (0 events):
No events

Classes loaded (0 events):
No events

Classes unloaded (0 events):
No events

Classes redefined (0 events):
No events

Internal exceptions (0 events):
No events

ZGC Phase Switch (0 events):
No events

VM Operations (0 events):
No events

Memory protections (0 events):
No events

Nmethod flushes (0 events):
No events

Events (0 events):
No events


Dynamic libraries:
0x00007ff6e79e0000 - 0x00007ff6e79ea000 	C:\Program Files\Android\Android Studio\jbr\bin\java.exe
0x00007fffbcc30000 - 0x00007fffbce47000 	C:\Windows\SYSTEM32\ntdll.dll
0x00007fffbbed0000 - 0x00007fffbbf94000 	C:\Windows\System32\KERNEL32.DLL
0x00007fffba170000 - 0x00007fffba527000 	C:\Windows\System32\KERNELBASE.dll
0x00007fffba530000 - 0x00007fffba641000 	C:\Windows\System32\ucrtbase.dll
0x00007fffb41e0000 - 0x00007fffb41f8000 	C:\Program Files\Android\Android Studio\jbr\bin\jli.dll
0x00007fffbbcf0000 - 0x00007fffbbe9f000 	C:\Windows\System32\USER32.dll
0x00007fffba6f0000 - 0x00007fffba716000 	C:\Windows\System32\win32u.dll
0x00007fffbbea0000 - 0x00007fffbbec9000 	C:\Windows\System32\GDI32.dll
0x00007fffba7c0000 - 0x00007fffba8d8000 	C:\Windows\System32\gdi32full.dll
0x00007fffba650000 - 0x00007fffba6ea000 	C:\Windows\System32\msvcp_win.dll
0x00007fffa69c0000 - 0x00007fffa69db000 	C:\Program Files\Android\Android Studio\jbr\bin\VCRUNTIME140.dll
0x00007fffa7700000 - 0x00007fffa7993000 	C:\Windows\WinSxS\amd64_microsoft.windows.common-controls_6595b64144ccf1df_6.0.22621.3672_none_2713b9d173822955\COMCTL32.dll
0x00007fffbb7c0000 - 0x00007fffbb867000 	C:\Windows\System32\msvcrt.dll
0x00007fffbb1c0000 - 0x00007fffbb1f1000 	C:\Windows\System32\IMM32.DLL
0x00007fffb60a0000 - 0x00007fffb60ac000 	C:\Program Files\Android\Android Studio\jbr\bin\vcruntime140_1.dll
0x00007fff9d520000 - 0x00007fff9d5ad000 	C:\Program Files\Android\Android Studio\jbr\bin\msvcp140.dll
0x00007fff30770000 - 0x00007fff31406000 	C:\Program Files\Android\Android Studio\jbr\bin\server\jvm.dll
0x00007fffbcb30000 - 0x00007fffbcbe2000 	C:\Windows\System32\ADVAPI32.dll
0x00007fffbc9e0000 - 0x00007fffbca88000 	C:\Windows\System32\sechost.dll
0x00007fffba790000 - 0x00007fffba7b8000 	C:\Windows\System32\bcrypt.dll
0x00007fffbb590000 - 0x00007fffbb6a4000 	C:\Windows\System32\RPCRT4.dll
0x00007fffbb940000 - 0x00007fffbb9b1000 	C:\Windows\System32\WS2_32.dll
0x00007fffb9e10000 - 0x00007fffb9e5d000 	C:\Windows\SYSTEM32\POWRPROF.dll
0x00007fffb6190000 - 0x00007fffb61c4000 	C:\Windows\SYSTEM32\WINMM.dll
0x00007fffa3a60000 - 0x00007fffa3a6a000 	C:\Windows\SYSTEM32\VERSION.dll
0x00007fffb9df0000 - 0x00007fffb9e03000 	C:\Windows\SYSTEM32\UMPDC.dll
0x00007fffb8f50000 - 0x00007fffb8f68000 	C:\Windows\SYSTEM32\kernel.appcore.dll
0x00007fffb4190000 - 0x00007fffb419a000 	C:\Program Files\Android\Android Studio\jbr\bin\jimage.dll
0x00007fff88270000 - 0x00007fff884a2000 	C:\Windows\SYSTEM32\DBGHELP.DLL
0x00007fffbb200000 - 0x00007fffbb58e000 	C:\Windows\System32\combase.dll
0x00007fffbc810000 - 0x00007fffbc8e7000 	C:\Windows\System32\OLEAUT32.dll
0x00007fff8ea40000 - 0x00007fff8ea72000 	C:\Windows\SYSTEM32\dbgcore.DLL
0x00007fffba8e0000 - 0x00007fffba95b000 	C:\Windows\System32\bcryptPrimitives.dll
0x00007fffa69a0000 - 0x00007fffa69c0000 	C:\Program Files\Android\Android Studio\jbr\bin\java.dll

JVMTI agents: none

dbghelp: loaded successfully - version: 4.0.5 - missing functions: none
symbol engine: initialized successfully - sym options: 0x614 - pdb path: .;C:\Program Files\Android\Android Studio\jbr\bin;C:\Windows\SYSTEM32;C:\Windows\WinSxS\amd64_microsoft.windows.common-controls_6595b64144ccf1df_6.0.22621.3672_none_2713b9d173822955;C:\Program Files\Android\Android Studio\jbr\bin\server

VM Arguments:
java_command: org.jetbrains.kotlin.cli.jvm.K2JVMCompiler @C:\Users\User\Desktop\secure_file_storage_Ap-main\secure_file_storage_Ap-main\build\pdfx\20260302_6704524991847959765.compiler.options
java_class_path (initial): C:\Users\User\.gradle\caches\modules-2\files-2.1\org.jetbrains.kotlin\kotlin-compiler-embeddable\2.1.0\988bf980588bbbcfa1ba19c1ffd7aa869b335a31\kotlin-compiler-embeddable-2.1.0.jar;C:\Users\User\.gradle\caches\modules-2\files-2.1\org.jetbrains.kotlin\kotlin-stdlib\2.1.0\85f8b81009cda5890e54ba67d64b5e599c645020\kotlin-stdlib-2.1.0.jar;C:\Users\User\.gradle\caches\modules-2\files-2.1\org.jetbrains.kotlin\kotlin-script-runtime\2.1.0\5909da8c57b75a117714ab0e348c86101b7a3284\kotlin-script-runtime-2.1.0.jar;C:\Users\User\.gradle\caches\modules-2\files-2.1\org.jetbrains.kotlin\kotlin-reflect\1.6.10\1cbe9c92c12a94eea200d23c2bbaedaf3daf5132\kotlin-reflect-1.6.10.jar;C:\Users\User\.gradle\caches\modules-2\files-2.1\org.jetbrains.kotlin\kotlin-daemon-embeddable\2.1.0\420bae1908e4a353f5b56c3c850d24d86367b25d\kotlin-daemon-embeddable-2.1.0.jar;C:\Users\User\.gradle\caches\modules-2\files-2.1\org.jetbrains.intellij.deps\trove4j\1.0.20200330\3afb14d5f9ceb459d724e907a21145e8ff394f02\trove4j-1.0.20200330.jar;C:\Users\User\.gradle\caches\modules-2\files-2.1\org.jetbrains.kotlinx\kotlinx-coroutines-core-jvm\1.6.4\2c997cd1c0ef33f3e751d3831929aeff1390cb30\kotlinx-coroutines-core-jvm-1.6.4.jar;C:\Users\User\.gradle\caches\modules-2\files-2.1\org.jetbrains\annotations\13.0\919f0dfe192fb4e063e7dacadee7f8bb9a2672a9\annotations-13.0.jar
Launcher Type: SUN_STANDARD

[Global flags]
     intx CICompilerCount                          = 3                                         {product} {ergonomic}
     uint ConcGCThreads                            = 1                                         {product} {ergonomic}
     uint G1ConcRefinementThreads                  = 4                                         {product} {ergonomic}
   size_t G1HeapRegionSize                         = 1048576                                   {product} {ergonomic}
    uintx GCDrainStackTargetSize                   = 64                                        {product} {ergonomic}
   size_t InitialHeapSize                          = 132120576                                 {product} {ergonomic}
   size_t MarkStackSize                            = 4194304                                   {product} {ergonomic}
   size_t MaxHeapSize                              = 2113929216                                {product} {ergonomic}
   size_t MinHeapDeltaBytes                        = 1048576                                   {product} {ergonomic}
   size_t MinHeapSize                              = 8388608                                   {product} {ergonomic}
    uintx NonNMethodCodeHeapSize                   = 5832780                                {pd product} {ergonomic}
    uintx NonProfiledCodeHeapSize                  = 122912730                              {pd product} {ergonomic}
    uintx ProfiledCodeHeapSize                     = 122912730                              {pd product} {ergonomic}
    uintx ReservedCodeCacheSize                    = 251658240                              {pd product} {ergonomic}
     bool SegmentedCodeCache                       = true                                      {product} {ergonomic}
   size_t SoftMaxHeapSize                          = 2113929216                             {manageable} {ergonomic}
     bool UseCompressedOops                        = true                           {product lp64_product} {ergonomic}
     bool UseG1GC                                  = true                                      {product} {ergonomic}
     bool UseLargePagesIndividualAllocation        = false                                  {pd product} {ergonomic}

Logging:
Log output configuration:
 #0: stdout all=warning uptime,level,tags foldmultilines=false
 #1: stderr all=off uptime,level,tags foldmultilines=false

Environment Variables:
JAVA_HOME=C:\Program Files\Android\Android Studio\jbr
CLASSPATH=C:\Users\User\Desktop\secure_file_storage_Ap-main\secure_file_storage_Ap-main\android\\gradle\wrapper\gradle-wrapper.jar
PATH=C:\Program Files\Android\Android Studio\jbr\bin;C:\Java\jdk-17.0.12\bin;C:\Windows\system32;C:\Windows;C:\Windows\System32\Wbem;C:\Windows\System32\WindowsPowerShell\v1.0\;C:\Windows\System32\OpenSSH\;C:\Program Files\SetupS.SendTo;C:\Program Files (x86)\Dev-Cpp\MinGW64\bin;C:\Program Files\nodejs\;C:\Program Files\PostgreSQL\18\bin;C:\Program Files\cursor\resources\app\bin;C:\Program Files\Git\cmd;C:\Users\User\AppData\Local\Programs\Python\Python313\Scripts\;C:\Users\User\AppData\Local\Programs\Python\Python313\;C:\Users\User\AppData\Local\Programs\Python\Launcher\;C:\Users\User\AppData\Local\Microsoft\WindowsApps;C:\MinGW\bin;C:\Users\User\AppData\Local\Programs\Microsoft VS Code\bin;C:\MinGW\bin;C:\dart-sdk\bin;C:\flutter\bin;C:\flutter\bin;C:\Users\User\AppData\Roaming\npm;C:\Users\User\AppData\Local\Programs\Windsurf\bin;C:\Users\User\AppData\Local\Programs\Antigravity\bin;C:\flutter\bin\mingit\cmd
USERNAME=User
OS=Windows_NT
PROCESSOR_IDENTIFIER=Intel64 Family 6 Model 142 Stepping 9, GenuineIntel
TMP=C:\Users\User\AppData\Local\Temp
TEMP=C:\Users\User\AppData\Local\Temp




Periodic native trim disabled

JNI global refs:
JNI global refs: 0, weak refs: 0

JNI global refs memory usage: 0, weak refs: 0

Process memory usage:
Resident Set Size: 10916K (0% of 8253668K total physical memory with 394260K free physical memory)

OOME stack traces (most recent first):
Classloader memory used:

---------------  S Y S T E M  ---------------

OS:
 Windows 11 , 64 bit Build 22621 (10.0.22621.3958)
OS uptime: 0 days 1:03 hours
Hyper-V role detected

CPU: total 4 (initial active 4) (2 cores per cpu, 2 threads per core) family 6 model 142 stepping 9 microcode 0xde, cx8, cmov, fxsr, ht, mmx, 3dnowpref, sse, sse2, sse3, ssse3, sse4.1, sse4.2, popcnt, lzcnt, tsc, tscinvbit, avx, avx2, aes, erms, clmul, bmi1, bmi2, adx, fma, vzeroupper, clflush, clflushopt, hv, rdtscp, f16c
Processor Information for the first 4 processors :
  Max Mhz: 2701, Current Mhz: 2600, Mhz Limit: 2592

Memory: 4k page, system-wide physical 8060M (385M free)
TotalPageFile size 23294M (AvailPageFile size 56M)
current process WorkingSet (physical memory assigned to process): 10M, peak: 10M
current process commit charge ("private bytes"): 51M, peak: 177M

vm_info: OpenJDK 64-Bit Server VM (21.0.8+-14196175-b1038.72) for windows-amd64 JRE (21.0.8+-14196175-b1038.72), built on 2025-10-01T10:24:33Z by "builder" with MS VC++ 16.10 / 16.11 (VS2019)

END.
